
> green-sourcing-b2b-app@0.1.0 dev
> next dev -p 3001

  Γû▓ Next.js 14.2.35
  - Local:        http://localhost:3001
  - Environments: .env.local
  - Experiments (use with caution):
    ┬╖ instrumentationHook

 Γ£ô Starting...
[@sentry/nextjs] DEPRECATION WARNING: It is recommended renaming your `sentry.client.config.ts` file, or moving its content to `instrumentation-client.ts`. When using Turbopack `sentry.client.config.ts` will no longer work. Read more about the `instrumentation-client.ts` file: https://nextjs.org/docs/app/api-reference/file-conventions/instrumentation-client
 Γùï Compiling /instrumentation ...
 Γ£ô Compiled /instrumentation in 2.3s (1067 modules)
 Γ£ô Ready in 4.6s
 Γ£ô Compiled /middleware in 499ms (787 modules)
 Γùï Compiling /api/audit ...
 Γ£ô Compiled /api/audit in 1516ms (1695 modules)
Audit API error: SyntaxError: Expected property name or '}' in JSON at position 1 (line 1 column 2)
    at JSON.parse (<anonymous>)
    at parseJSONFromBytes (node:internal/deps/undici/undici:6433:19)
    at successSteps (node:internal/deps/undici/undici:6414:27)
    at readAllBytes (node:internal/deps/undici/undici:5380:13)
    at process.processTicksAndRejections (node:internal/process/task_queues:105:5)
 POST /api/audit 500 in 2000ms
Audit API error: SyntaxError: Expected property name or '}' in JSON at position 1 (line 1 column 2)
    at JSON.parse (<anonymous>)
    at parseJSONFromBytes (node:internal/deps/undici/undici:6433:19)
    at successSteps (node:internal/deps/undici/undici:6414:27)
    at readAllBytes (node:internal/deps/undici/undici:5380:13)
    at process.processTicksAndRejections (node:internal/process/task_queues:105:5)
 POST /api/audit 500 in 15ms
[?25h
